MyUbondDemoAPI/app/build/outputs/logs/manifest-merger-debug-report.txt
-- Merging decision tree log ---
manifest
ADDED from MyUbondDemoAPI\app\AndroidManifest.xml:2:1-32:12
	package
		ADDED from MyUbondDemoAPI\app\AndroidManifest.xml:3:5-29
		INJECTED from MyUbondDemoAPI\app\AndroidManifest.xml
		INJECTED from MyUbondDemoAPI\app\AndroidManifest.xml
	android:versionName
		ADDED from MyUbondDemoAPI\app\AndroidManifest.xml:5:5-30
		INJECTED from MyUbondDemoAPI\app\AndroidManifest.xml
		INJECTED from MyUbondDemoAPI\app\AndroidManifest.xml
	android:versionCode
		ADDED from MyUbondDemoAPI\app\AndroidManifest.xml:4:5-28
		INJECTED from MyUbondDemoAPI\app\AndroidManifest.xml
		INJECTED from MyUbondDemoAPI\app\AndroidManifest.xml
	xmlns:android
		ADDED from MyUbondDemoAPI\app\AndroidManifest.xml:2:11-69
uses-sdk
ADDED from MyUbondDemoAPI\app\AndroidManifest.xml:7:5-9:41
	android:targetSdkVersion
		ADDED from MyUbondDemoAPI\app\AndroidManifest.xml:9:9-38
		INJECTED from MyUbondDemoAPI\app\AndroidManifest.xml
		INJECTED from MyUbondDemoAPI\app\AndroidManifest.xml
	android:minSdkVersion
		ADDED from MyUbondDemoAPI\app\AndroidManifest.xml:8:9-35
		INJECTED from MyUbondDemoAPI\app\AndroidManifest.xml
		INJECTED from MyUbondDemoAPI\app\AndroidManifest.xml
uses-permission#android.permission.ACCESS_COARSE_LOCATION
ADDED from MyUbondDemoAPI\app\AndroidManifest.xml:11:5-81
	android:name
		ADDED from MyUbondDemoAPI\app\AndroidManifest.xml:11:22-78
uses-permission#android.permission.BLUETOOTH
ADDED from MyUbondDemoAPI\app\AndroidManifest.xml:12:5-68
	android:name
		ADDED from MyUbondDemoAPI\app\AndroidManifest.xml:12:22-65
uses-permission#android.permission.BLUETOOTH_ADMIN
ADDED from MyUbondDemoAPI\app\AndroidManifest.xml:13:5-74
	android:name
		ADDED from MyUbondDemoAPI\app\AndroidManifest.xml:13:22-71
uses-permission#android.permission.WRITE_EXTERNAL_STORAGE
ADDED from MyUbondDemoAPI\app\AndroidManifest.xml:14:5-81
	android:name
		ADDED from MyUbondDemoAPI\app\AndroidManifest.xml:14:22-78
application
ADDED from MyUbondDemoAPI\app\AndroidManifest.xml:16:5-30:19
	android:label
		ADDED from MyUbondDemoAPI\app\AndroidManifest.xml:19:9-41
	android:allowBackup
		ADDED from MyUbondDemoAPI\app\AndroidManifest.xml:17:9-35
	android:icon
		ADDED from MyUbondDemoAPI\app\AndroidManifest.xml:18:9-45
	android:theme
		ADDED from MyUbondDemoAPI\app\AndroidManifest.xml:20:9-40
activity#com.us.myubond.MainActivity
ADDED from MyUbondDemoAPI\app\AndroidManifest.xml:21:9-29:20
	android:label
		ADDED from MyUbondDemoAPI\app\AndroidManifest.xml:23:13-45
	android:name
		ADDED from MyUbondDemoAPI\app\AndroidManifest.xml:22:13-55
intent-filter#android.intent.action.MAIN+android.intent.category.LAUNCHER
ADDED from MyUbondDemoAPI\app\AndroidManifest.xml:24:13-28:29
action#android.intent.action.MAIN
ADDED from MyUbondDemoAPI\app\AndroidManifest.xml:25:17-69
	android:name
		ADDED from MyUbondDemoAPI\app\AndroidManifest.xml:25:25-66
category#android.intent.category.LAUNCHER
ADDED from MyUbondDemoAPI\app\AndroidManifest.xml:27:17-77
	android:name
		ADDED from MyUbondDemoAPI\app\AndroidManifest.xml:27:27-74